<?xml version="1.0" encoding="UTF-8"?>
<!-- Generated by org.testng.reporters.JUnitReportReporter -->
<testsuite hostname="DESKTOP-MEL0TQP" failures="0" tests="1" name="mjd4_1.DemoParametrsTest1" time="10.411" errors="0" timestamp="2024-08-11T19:13:00 IST" skipped="0">
  <testcase classname="mjd4_1.DemoParametrsTest1" name="demoParametersTest" time="10.411"/>
  <system-out/>
</testsuite> <!-- mjd4_1.DemoParametrsTest1 -->
